<?xml version="1.0" encoding="UTF-8"?>
<!-- Generated by org.testng.reporters.JUnitXMLReporter -->
<testsuite ignored="2" hostname="DESKTOP-NV6E2NO" failures="0" tests="1" name="Default test" time="15.016" errors="0" timestamp="2022-08-12T00:20:12 IST">
  <testcase classname="com.fb.qa.testcase.ProfilePageTest" name="checkProfilePageTest" time="0.533"/>
  <testcase classname="com.fb.qa.testcase.ProfilePageTest" name="seeAllPhotosTest" time="0.0">
    <ignored/>
  </testcase> <!-- seeAllPhotosTest -->
  <testcase classname="com.fb.qa.testcase.ProfilePageTest" name="checkBioDataEntryTest" time="0.0">
    <ignored/>
  </testcase> <!-- checkBioDataEntryTest -->
</testsuite> <!-- Default test -->
