<?xml version="1.0" encoding="UTF-8"?>
<!-- Generated by org.testng.reporters.JUnitXMLReporter -->
<testsuite ignored="0" hostname="DESKTOP-NV6E2NO" failures="1" tests="15" name="Test" time="242.512" errors="0" timestamp="2022-08-12T11:18:24 IST">
  <testcase classname="com.fb.qa.util.ExcelDataProviderTest" name="test1" time="6.956"/>
  <testcase classname="com.fb.qa.util.ExcelDataProviderTest" name="test1" time="5.497"/>
  <testcase classname="com.fb.qa.util.ExcelDataProviderTest" name="test1" time="10.989"/>
  <testcase classname="com.fb.qa.testcase.SignUpPage_Test" name="signUpPageTitleTest" time="0.014"/>
  <testcase classname="com.fb.qa.testcase.SignUpPage_Test" name="SignUpTest" time="4.264"/>
  <testcase classname="com.fb.qa.testcase.ProfilePageTest" name="checkProfilePageTest" time="0.865"/>
  <testcase classname="com.fb.qa.testcase.ProfilePageTest" name="checkBioDataEntryTest" time="8.374"/>
  <testcase classname="com.fb.qa.testcase.ProfilePageTest" name="seeAllPhotosTest" time="8.121"/>
  <testcase classname="com.fb.qa.testcase.HomePageTest" name="verifyHomePageTitleTest" time="0.009"/>
  <testcase classname="com.fb.qa.testcase.HomePageTest" name="verifyUsernameTest" time="4.432">
    <failure type="java.lang.AssertionError" message="expected [true] but found [false]">
      <![CDATA[java.lang.AssertionError: expected [true] but found [false]
at com.fb.qa.testcase.HomePageTest.verifyUsernameTest(HomePageTest.java:39)
at java.base/java.util.ArrayList.forEach(ArrayList.java:1511)
... Removed 31 stack frames]]>
    </failure>
  </testcase> <!-- verifyUsernameTest -->
  <testcase classname="com.fb.qa.testcase.LoginPageTest" name="LoginPageTitle" time="0.022"/>
  <testcase classname="com.fb.qa.testcase.LoginPageTest" name="loginTest" time="13.585"/>
  <testcase classname="com.fb.excel.ExcelDataProviderTest" name="test1" time="9.253"/>
  <testcase classname="com.fb.excel.ExcelDataProviderTest" name="test1" time="5.622"/>
  <testcase classname="com.fb.excel.ExcelDataProviderTest" name="test1" time="8.087"/>
</testsuite> <!-- Test -->
